[debug] [2025-10-23T17:56:07.044Z] ----------------------------------------------------------------------
[debug] [2025-10-23T17:56:07.046Z] Command:       C:\Program Files\nodejs\node.exe C:\Users\kosuk\AppData\Roaming\npm\node_modules\firebase-tools\lib\bin\firebase.js init
[debug] [2025-10-23T17:56:07.046Z] CLI Version:   14.21.0
[debug] [2025-10-23T17:56:07.046Z] Platform:      win32
[debug] [2025-10-23T17:56:07.046Z] Node Version:  v22.15.1
[debug] [2025-10-23T17:56:07.046Z] Time:          Fri Oct 24 2025 02:56:07 GMT+0900 (日本標準時)
[debug] [2025-10-23T17:56:07.047Z] ----------------------------------------------------------------------
[debug] 
[info] 
     ######## #### ########  ######## ########     ###     ######  ########
     ##        ##  ##     ## ##       ##     ##  ##   ##  ##       ##
     ######    ##  ########  ######   ########  #########  ######  ######
     ##        ##  ##    ##  ##       ##     ## ##     ##       ## ##
     ##       #### ##     ## ######## ########  ##     ##  ######  ########

You're about to initialize a Firebase project in this directory:

  C:\Users\kosuk\アプリ開発\01\25-11-01vietnam-food-hp

[info] 
=== Project Setup
[info] 
[info] First, let's associate this project directory with a Firebase project.
[info] You can create multiple project aliases by running firebase use --add, 
[info] 
[debug] [2025-10-23T17:56:16.658Z] > command requires scopes: ["email","openid","https://www.googleapis.com/auth/cloudplatformprojects.readonly","https://www.googleapis.com/auth/firebase","https://www.googleapis.com/auth/cloud-platform"]
[debug] [2025-10-23T17:56:16.659Z] > authorizing via signed-in user (app00@kg-link.net)
[debug] [2025-10-23T17:56:16.660Z] Checked if tokens are valid: true, expires at: 1761245027042
[debug] [2025-10-23T17:56:16.660Z] Checked if tokens are valid: true, expires at: 1761245027042
[debug] [2025-10-23T17:56:16.660Z] >>> [apiv2][query] GET https://firebase.googleapis.com/v1beta1/projects/vietnam-food-5cef0 [none]
[debug] [2025-10-23T17:56:17.087Z] <<< [apiv2][status] GET https://firebase.googleapis.com/v1beta1/projects/vietnam-food-5cef0 200
[debug] [2025-10-23T17:56:17.088Z] <<< [apiv2][body] GET https://firebase.googleapis.com/v1beta1/projects/vietnam-food-5cef0 {"projectId":"vietnam-food-5cef0","projectNumber":"661323748507","displayName":"vietnam-food","name":"projects/vietnam-food-5cef0","resources":{"hostingSite":"vietnam-food-5cef0"},"state":"ACTIVE","etag":"1_d525726e-d6b5-4399-b2d3-03a39d04493f"}
[info] i  Using project vietnam-food-5cef0 (vietnam-food) . 
[info] 
=== Firestore Setup
[info] i  firestore: ensuring required API firestore.googleapis.com is enabled... 
[debug] [2025-10-23T17:56:17.112Z] Checked if tokens are valid: true, expires at: 1761245027042
[debug] [2025-10-23T17:56:17.112Z] Checked if tokens are valid: true, expires at: 1761245027042
[debug] [2025-10-23T17:56:17.112Z] >>> [apiv2][query] GET https://firestore.googleapis.com/v1/projects/vietnam-food-5cef0/databases [none]
[debug] [2025-10-23T17:56:17.703Z] <<< [apiv2][status] GET https://firestore.googleapis.com/v1/projects/vietnam-food-5cef0/databases 200
[debug] [2025-10-23T17:56:17.703Z] <<< [apiv2][body] GET https://firestore.googleapis.com/v1/projects/vietnam-food-5cef0/databases {}
[debug] [2025-10-23T17:56:17.704Z] Checked if tokens are valid: true, expires at: 1761245027042
[debug] [2025-10-23T17:56:17.704Z] Checked if tokens are valid: true, expires at: 1761245027042
[debug] [2025-10-23T17:56:17.704Z] >>> [apiv2][query] GET https://firestore.googleapis.com/v1/projects/vietnam-food-5cef0/locations [none]
[debug] [2025-10-23T17:56:17.820Z] <<< [apiv2][status] GET https://firestore.googleapis.com/v1/projects/vietnam-food-5cef0/locations 200
[debug] [2025-10-23T17:56:17.820Z] <<< [apiv2][body] GET https://firestore.googleapis.com/v1/projects/vietnam-food-5cef0/locations {"locations":[{"name":"projects/vietnam-food-5cef0/locations/eur3","labels":{"appengine.googleapis.com/geo":"europe-west","cloud.googleapis.com/location":"eur3","cloud.googleapis.com/geo":"eur3"},"metadata":{"@type":"type.googleapis.com/google.firestore.admin.v1.LocationMetadata"},"locationId":"eur3","displayName":"Europe"},{"name":"projects/vietnam-food-5cef0/locations/nam5","labels":{"appengine.googleapis.com/geo":"us-central","cloud.googleapis.com/location":"nam5","cloud.googleapis.com/geo":"nam5"},"metadata":{"@type":"type.googleapis.com/google.firestore.admin.v1.LocationMetadata"},"locationId":"nam5","displayName":"United States"},{"name":"projects/vietnam-food-5cef0/locations/nam7","labels":{"cloud.googleapis.com/location":"nam7","cloud.googleapis.com/geo":"nam7"},"metadata":{"@type":"type.googleapis.com/google.firestore.admin.v1.LocationMetadata"},"locationId":"nam7","displayName":"United States"},{"name":"projects/vietnam-food-5cef0/locations/africa-south1","labels":{"cloud.googleapis.com/location":"africa-south1","cloud.googleapis.com/region":"africa-south1"},"metadata":{"@type":"type.googleapis.com/google.firestore.admin.v1.LocationMetadata"},"locationId":"africa-south1","displayName":"Johannesburg"},{"name":"projects/vietnam-food-5cef0/locations/asia-east1","labels":{"appengine.googleapis.com/region":"asia-east1","cloud.googleapis.com/location":"asia-east1","cloud.googleapis.com/region":"asia-east1"},"metadata":{"@type":"type.googleapis.com/google.firestore.admin.v1.LocationMetadata"},"locationId":"asia-east1","displayName":"Taiwan"},{"name":"projects/vietnam-food-5cef0/locations/asia-east2","labels":{"appengine.googleapis.com/region":"asia-east2","cloud.googleapis.com/location":"asia-east2","cloud.googleapis.com/region":"asia-east2"},"metadata":{"@type":"type.googleapis.com/google.firestore.admin.v1.LocationMetadata"},"locationId":"asia-east2","displayName":"Hong Kong"},{"name":"projects/vietnam-food-5cef0/locations/asia-northeast1","labels":{"appengine.googleapis.com/region":"asia-northeast1","cloud.googleapis.com/location":"asia-northeast1","cloud.googleapis.com/region":"asia-northeast1"},"metadata":{"@type":"type.googleapis.com/google.firestore.admin.v1.LocationMetadata"},"locationId":"asia-northeast1","displayName":"Tokyo"},{"name":"projects/vietnam-food-5cef0/locations/asia-northeast2","labels":{"appengine.googleapis.com/region":"asia-northeast2","cloud.googleapis.com/location":"asia-northeast2","cloud.googleapis.com/region":"asia-northeast2"},"metadata":{"@type":"type.googleapis.com/google.firestore.admin.v1.LocationMetadata"},"locationId":"asia-northeast2","displayName":"Osaka"},{"name":"projects/vietnam-food-5cef0/locations/asia-northeast3","labels":{"appengine.googleapis.com/region":"asia-northeast3","cloud.googleapis.com/location":"asia-northeast3","cloud.googleapis.com/region":"asia-northeast3"},"metadata":{"@type":"type.googleapis.com/google.firestore.admin.v1.LocationMetadata"},"locationId":"asia-northeast3","displayName":"Seoul"},{"name":"projects/vietnam-food-5cef0/locations/asia-south1","labels":{"appengine.googleapis.com/region":"asia-south1","cloud.googleapis.com/location":"asia-south1","cloud.googleapis.com/region":"asia-south1"},"metadata":{"@type":"type.googleapis.com/google.firestore.admin.v1.LocationMetadata"},"locationId":"asia-south1","displayName":"Mumbai"},{"name":"projects/vietnam-food-5cef0/locations/asia-south2","labels":{"cloud.googleapis.com/location":"asia-south2","cloud.googleapis.com/region":"asia-south2"},"metadata":{"@type":"type.googleapis.com/google.firestore.admin.v1.LocationMetadata"},"locationId":"asia-south2","displayName":"Delhi"},{"name":"projects/vietnam-food-5cef0/locations/asia-southeast1","labels":{"appengine.googleapis.com/region":"asia-southeast1","cloud.googleapis.com/location":"asia-southeast1","cloud.googleapis.com/region":"asia-southeast1"},"metadata":{"@type":"type.googleapis.com/google.firestore.admin.v1.LocationMetadata"},"locationId":"asia-southeast1","displayName":"Singapore"},{"name":"projects/vietnam-food-5cef0/locations/asia-southeast2","labels":{"appengine.googleapis.com/region":"asia-southeast2","cloud.googleapis.com/location":"asia-southeast2","cloud.googleapis.com/region":"asia-southeast2"},"metadata":{"@type":"type.googleapis.com/google.firestore.admin.v1.LocationMetadata"},"locationId":"asia-southeast2","displayName":"Jakarta"},{"name":"projects/vietnam-food-5cef0/locations/australia-southeast1","labels":{"appengine.googleapis.com/region":"australia-southeast1","cloud.googleapis.com/location":"australia-southeast1","cloud.googleapis.com/region":"australia-southeast1"},"metadata":{"@type":"type.googleapis.com/google.firestore.admin.v1.LocationMetadata"},"locationId":"australia-southeast1","displayName":"Sydney"},{"name":"projects/vietnam-food-5cef0/locations/australia-southeast2","labels":{"cloud.googleapis.com/location":"australia-southeast2","cloud.googleapis.com/region":"australia-southeast2"},"metadata":{"@type":"type.googleapis.com/google.firestore.admin.v1.LocationMetadata"},"locationId":"australia-southeast2","displayName":"Melbourne"},{"name":"projects/vietnam-food-5cef0/locations/europe-central2","labels":{"appengine.googleapis.com/region":"europe-central2","cloud.googleapis.com/location":"europe-central2","cloud.googleapis.com/region":"europe-central2"},"metadata":{"@type":"type.googleapis.com/google.firestore.admin.v1.LocationMetadata"},"locationId":"europe-central2","displayName":"Warsaw"},{"name":"projects/vietnam-food-5cef0/locations/europe-north1","labels":{"cloud.googleapis.com/location":"europe-north1","cloud.googleapis.com/region":"europe-north1"},"metadata":{"@type":"type.googleapis.com/google.firestore.admin.v1.LocationMetadata"},"locationId":"europe-north1","displayName":"Finland"},{"name":"projects/vietnam-food-5cef0/locations/europe-north2","labels":{"cloud.googleapis.com/location":"europe-north2","cloud.googleapis.com/region":"europe-north2"},"metadata":{"@type":"type.googleapis.com/google.firestore.admin.v1.LocationMetadata"},"locationId":"europe-north2","displayName":"Stockholm"},{"name":"projects/vietnam-food-5cef0/locations/europe-southwest1","labels":{"cloud.googleapis.com/location":"europe-southwest1","cloud.googleapis.com/region":"europe-southwest1"},"metadata":{"@type":"type.googleapis.com/google.firestore.admin.v1.LocationMetadata"},"locationId":"europe-southwest1","displayName":"Madrid"},{"name":"projects/vietnam-food-5cef0/locations/europe-west1","labels":{"cloud.googleapis.com/location":"europe-west1","cloud.googleapis.com/region":"europe-west1"},"metadata":{"@type":"type.googleapis.com/google.firestore.admin.v1.LocationMetadata"},"locationId":"europe-west1","displayName":"Belgium"},{"name":"projects/vietnam-food-5cef0/locations/europe-west10","labels":{"cloud.googleapis.com/location":"europe-west10","cloud.googleapis.com/region":"europe-west10"},"metadata":{"@type":"type.googleapis.com/google.firestore.admin.v1.LocationMetadata"},"locationId":"europe-west10","displayName":"Berlin"},{"name":"projects/vietnam-food-5cef0/locations/europe-west12","labels":{"cloud.googleapis.com/location":"europe-west12","cloud.googleapis.com/region":"europe-west12"},"metadata":{"@type":"type.googleapis.com/google.firestore.admin.v1.LocationMetadata"},"locationId":"europe-west12","displayName":"Turin"},{"name":"projects/vietnam-food-5cef0/locations/europe-west2","labels":{"appengine.googleapis.com/region":"europe-west2","cloud.googleapis.com/location":"europe-west2","cloud.googleapis.com/region":"europe-west2"},"metadata":{"@type":"type.googleapis.com/google.firestore.admin.v1.LocationMetadata"},"locationId":"europe-west2","displayName":"London"},{"name":"projects/vietnam-food-5cef0/locations/europe-west3","labels":{"appengine.googleapis.com/region":"europe-west3","cloud.googleapis.com/location":"europe-west3","cloud.googleapis.com/region":"europe-west3"},"metadata":{"@type":"type.googleapis.com/google.firestore.admin.v1.LocationMetadata"},"locationId":"europe-west3","displayName":"Frankfurt"},{"name":"projects/vietnam-food-5cef0/locations/europe-west4","labels":{"cloud.googleapis.com/location":"europe-west4","cloud.googleapis.com/region":"europe-west4"},"metadata":{"@type":"type.googleapis.com/google.firestore.admin.v1.LocationMetadata"},"locationId":"europe-west4","displayName":"Netherlands"},{"name":"projects/vietnam-food-5cef0/locations/europe-west6","labels":{"appengine.googleapis.com/region":"europe-west6","cloud.googleapis.com/location":"europe-west6","cloud.googleapis.com/region":"europe-west6"},"metadata":{"@type":"type.googleapis.com/google.firestore.admin.v1.LocationMetadata"},"locationId":"europe-west6","displayName":"Zurich"},{"name":"projects/vietnam-food-5cef0/locations/europe-west8","labels":{"cloud.googleapis.com/location":"europe-west8","cloud.googleapis.com/region":"europe-west8"},"metadata":{"@type":"type.googleapis.com/google.firestore.admin.v1.LocationMetadata"},"locationId":"europe-west8","displayName":"Milan"},{"name":"projects/vietnam-food-5cef0/locations/europe-west9","labels":{"cloud.googleapis.com/location":"europe-west9","cloud.googleapis.com/region":"europe-west9"},"metadata":{"@type":"type.googleapis.com/google.firestore.admin.v1.LocationMetadata"},"locationId":"europe-west9","displayName":"Paris"},{"name":"projects/vietnam-food-5cef0/locations/me-central1","labels":{"cloud.googleapis.com/location":"me-central1","cloud.googleapis.com/region":"me-central1"},"metadata":{"@type":"type.googleapis.com/google.firestore.admin.v1.LocationMetadata"},"locationId":"me-central1","displayName":"Doha"},{"name":"projects/vietnam-food-5cef0/locations/me-central2","labels":{"cloud.googleapis.com/location":"me-central2","cloud.googleapis.com/region":"me-central2"},"metadata":{"@type":"type.googleapis.com/google.firestore.admin.v1.LocationMetadata"},"locationId":"me-central2","displayName":"Dammam"},{"name":"projects/vietnam-food-5cef0/locations/me-west1","labels":{"cloud.googleapis.com/location":"me-west1","cloud.googleapis.com/region":"me-west1"},"metadata":{"@type":"type.googleapis.com/google.firestore.admin.v1.LocationMetadata"},"locationId":"me-west1","displayName":"Tel Aviv"},{"name":"projects/vietnam-food-5cef0/locations/northamerica-northeast1","labels":{"appengine.googleapis.com/region":"northamerica-northeast1","cloud.googleapis.com/location":"northamerica-northeast1","cloud.googleapis.com/region":"northamerica-northeast1"},"metadata":{"@type":"type.googleapis.com/google.firestore.admin.v1.LocationMetadata"},"locationId":"northamerica-northeast1","displayName":"Montréal"},{"name":"projects/vietnam-food-5cef0/locations/northamerica-northeast2","labels":{"cloud.googleapis.com/location":"northamerica-northeast2","cloud.googleapis.com/region":"northamerica-northeast2"},"metadata":{"@type":"type.googleapis.com/google.firestore.admin.v1.LocationMetadata"},"locationId":"northamerica-northeast2","displayName":"Toronto"},{"name":"projects/vietnam-food-5cef0/locations/northamerica-south1","labels":{"cloud.googleapis.com/location":"northamerica-south1","cloud.googleapis.com/region":"northamerica-south1"},"metadata":{"@type":"type.googleapis.com/google.firestore.admin.v1.LocationMetadata"},"locationId":"northamerica-south1","displayName":"Mexico"},{"name":"projects/vietnam-food-5cef0/locations/southamerica-east1","labels":{"appengine.googleapis.com/region":"southamerica-east1","cloud.googleapis.com/location":"southamerica-east1","cloud.googleapis.com/region":"southamerica-east1"},"metadata":{"@type":"type.googleapis.com/google.firestore.admin.v1.LocationMetadata"},"locationId":"southamerica-east1","displayName":"São Paulo"},{"name":"projects/vietnam-food-5cef0/locations/southamerica-west1","labels":{"cloud.googleapis.com/location":"southamerica-west1","cloud.googleapis.com/region":"southamerica-west1"},"metadata":{"@type":"type.googleapis.com/google.firestore.admin.v1.LocationMetadata"},"locationId":"southamerica-west1","displayName":"Santiago"},{"name":"projects/vietnam-food-5cef0/locations/us-central1","labels":{"cloud.googleapis.com/location":"us-central1","cloud.googleapis.com/region":"us-central1"},"metadata":{"@type":"type.googleapis.com/google.firestore.admin.v1.LocationMetadata"},"locationId":"us-central1","displayName":"Iowa"},{"name":"projects/vietnam-food-5cef0/locations/us-east1","labels":{"appengine.googleapis.com/region":"us-east1","cloud.googleapis.com/location":"us-east1","cloud.googleapis.com/region":"us-east1"},"metadata":{"@type":"type.googleapis.com/google.firestore.admin.v1.LocationMetadata"},"locationId":"us-east1","displayName":"South Carolina"},{"name":"projects/vietnam-food-5cef0/locations/us-east4","labels":{"appengine.googleapis.com/region":"us-east4","cloud.googleapis.com/location":"us-east4","cloud.googleapis.com/region":"us-east4"},"metadata":{"@type":"type.googleapis.com/google.firestore.admin.v1.LocationMetadata"},"locationId":"us-east4","displayName":"Northern Virginia"},{"name":"projects/vietnam-food-5cef0/locations/us-east5","labels":{"cloud.googleapis.com/location":"us-east5","cloud.googleapis.com/region":"us-east5"},"metadata":{"@type":"type.googleapis.com/google.firestore.admin.v1.LocationMetadata"},"locationId":"us-east5","displayName":"Columbus"},{"name":"projects/vietnam-food-5cef0/locations/us-south1","labels":{"cloud.googleapis.com/location":"us-south1","cloud.googleapis.com/region":"us-south1"},"metadata":{"@type":"type.googleapis.com/google.firestore.admin.v1.LocationMetadata"},"locationId":"us-south1","displayName":"Dallas"},{"name":"projects/vietnam-food-5cef0/locations/us-west1","labels":{"appengine.googleapis.com/region":"us-west1","cloud.googleapis.com/location":"us-west1","cloud.googleapis.com/region":"us-west1"},"metadata":{"@type":"type.googleapis.com/google.firestore.admin.v1.LocationMetadata"},"locationId":"us-west1","displayName":"Oregon"},{"name":"projects/vietnam-food-5cef0/locations/us-west2","labels":{"appengine.googleapis.com/region":"us-west2","cloud.googleapis.com/location":"us-west2","cloud.googleapis.com/region":"us-west2"},"metadata":{"@type":"type.googleapis.com/google.firestore.admin.v1.LocationMetadata"},"locationId":"us-west2","displayName":"Los Angeles"},{"name":"projects/vietnam-food-5cef0/locations/us-west3","labels":{"appengine.googleapis.com/region":"us-west3","cloud.googleapis.com/location":"us-west3","cloud.googleapis.com/region":"us-west3"},"metadata":{"@type":"type.googleapis.com/google.firestore.admin.v1.LocationMetadata"},"locationId":"us-west3","displayName":"Salt Lake City"},{"name":"projects/vietnam-food-5cef0/locations/us-west4","labels":{"appengine.googleapis.com/region":"us-west4","cloud.googleapis.com/location":"us-west4","cloud.googleapis.com/region":"us-west4"},"metadata":{"@type":"type.googleapis.com/google.firestore.admin.v1.LocationMetadata"},"locationId":"us-west4","displayName":"Las Vegas"}]}
[info] 
[info] Firestore Security Rules allow you to define how and when to allow
[info] requests. You can keep these rules in your project directory
[info] and publish them with firebase deploy.
[info] 
[debug] [2025-10-23T17:56:24.704Z] Checked if tokens are valid: true, expires at: 1761245027042
[debug] [2025-10-23T17:56:24.704Z] Checked if tokens are valid: true, expires at: 1761245027042
[debug] [2025-10-23T17:56:24.704Z] >>> [apiv2][query] GET https://firebaserules.googleapis.com/v1/projects/vietnam-food-5cef0/releases pageSize=10&pageToken=
[debug] [2025-10-23T17:56:25.949Z] <<< [apiv2][status] GET https://firebaserules.googleapis.com/v1/projects/vietnam-food-5cef0/releases 200
[debug] [2025-10-23T17:56:25.950Z] <<< [apiv2][body] GET https://firebaserules.googleapis.com/v1/projects/vietnam-food-5cef0/releases {}
[info] i  firestore.rules is unchanged 
[info] 
[info] Firestore indexes allow you to perform complex queries while
[info] maintaining performance that scales with the size of the result
[info] set. You can keep index definitions in your project directory
[info] and publish them with firebase deploy.
[info] 
[debug] [2025-10-23T17:56:28.590Z] Checked if tokens are valid: true, expires at: 1761245027042
[debug] [2025-10-23T17:56:28.590Z] Checked if tokens are valid: true, expires at: 1761245027042
[debug] [2025-10-23T17:56:28.590Z] Checked if tokens are valid: true, expires at: 1761245027042
[debug] [2025-10-23T17:56:28.590Z] Checked if tokens are valid: true, expires at: 1761245027042
[debug] [2025-10-23T17:56:28.590Z] >>> [apiv2][query] GET https://firestore.googleapis.com/v1/projects/vietnam-food-5cef0/databases/(default)/collectionGroups/-/indexes [none]
[debug] [2025-10-23T17:56:28.592Z] >>> [apiv2][query] GET https://firestore.googleapis.com/v1/projects/vietnam-food-5cef0/databases/(default)/collectionGroups/-/fields?filter=indexConfig.usesAncestorConfig=false OR ttlConfig:* [none]
[debug] [2025-10-23T17:56:28.724Z] <<< [apiv2][status] GET https://firestore.googleapis.com/v1/projects/vietnam-food-5cef0/databases/(default)/collectionGroups/-/fields?filter=indexConfig.usesAncestorConfig=false OR ttlConfig:* 404
[debug] [2025-10-23T17:56:28.724Z] <<< [apiv2][body] GET https://firestore.googleapis.com/v1/projects/vietnam-food-5cef0/databases/(default)/collectionGroups/-/fields?filter=indexConfig.usesAncestorConfig=false OR ttlConfig:* {"error":{"code":404,"message":"Project 'vietnam-food-5cef0' or database '(default)' does not exist.","status":"NOT_FOUND"}}
[info] i  firestore.indexes.json is unchanged 
[info] +  Wrote firestore.indexes.json 
[info] 
=== Functions Setup
[debug] [2025-10-23T17:56:28.728Z] > command requires scopes: ["email","openid","https://www.googleapis.com/auth/cloudplatformprojects.readonly","https://www.googleapis.com/auth/firebase","https://www.googleapis.com/auth/cloud-platform"]
[debug] [2025-10-23T17:56:28.728Z] > authorizing via signed-in user (app00@kg-link.net)
[debug] [2025-10-23T17:56:28.728Z] [iam] checking project vietnam-food-5cef0 for permissions ["firebase.projects.get"]
[debug] [2025-10-23T17:56:28.728Z] Checked if tokens are valid: true, expires at: 1761245027042
[debug] [2025-10-23T17:56:28.728Z] Checked if tokens are valid: true, expires at: 1761245027042
[debug] [2025-10-23T17:56:28.729Z] >>> [apiv2][query] POST https://cloudresourcemanager.googleapis.com/v1/projects/vietnam-food-5cef0:testIamPermissions [none]
[debug] [2025-10-23T17:56:28.729Z] >>> [apiv2][(partial)header] POST https://cloudresourcemanager.googleapis.com/v1/projects/vietnam-food-5cef0:testIamPermissions x-goog-quota-user=projects/vietnam-food-5cef0
[debug] [2025-10-23T17:56:28.729Z] >>> [apiv2][body] POST https://cloudresourcemanager.googleapis.com/v1/projects/vietnam-food-5cef0:testIamPermissions {"permissions":["firebase.projects.get"]}
[debug] [2025-10-23T17:56:28.731Z] <<< [apiv2][status] GET https://firestore.googleapis.com/v1/projects/vietnam-food-5cef0/databases/(default)/collectionGroups/-/indexes 404
[debug] [2025-10-23T17:56:28.731Z] <<< [apiv2][body] GET https://firestore.googleapis.com/v1/projects/vietnam-food-5cef0/databases/(default)/collectionGroups/-/indexes {"error":{"code":404,"message":"Project 'vietnam-food-5cef0' or database '(default)' does not exist.","status":"NOT_FOUND"}}
[debug] [2025-10-23T17:56:29.482Z] <<< [apiv2][status] POST https://cloudresourcemanager.googleapis.com/v1/projects/vietnam-food-5cef0:testIamPermissions 200
[debug] [2025-10-23T17:56:29.482Z] <<< [apiv2][body] POST https://cloudresourcemanager.googleapis.com/v1/projects/vietnam-food-5cef0:testIamPermissions {"permissions":["firebase.projects.get"]}
[info] Let's create a new codebase for your functions.
[info] A directory corresponding to the codebase will be created in your project
[info] with sample code pre-configured.

[info] See https://firebase.google.com/docs/functions/organize-functions for
[info] more information on organizing your functions using codebases.

[info] Functions can be deployed with firebase deploy.

[info] i  functions/package.json is unchanged 
[info] i  functions/.eslintrc.js is unchanged 
[info] i  functions/index.js is unchanged 
[info] i  functions/.gitignore is unchanged 
[info] 
=== Hosting Setup
[debug] [2025-10-23T17:56:44.355Z] Checked if tokens are valid: true, expires at: 1761245027042
[debug] [2025-10-23T17:56:44.355Z] Checked if tokens are valid: true, expires at: 1761245027042
[debug] [2025-10-23T17:56:44.355Z] >>> [apiv2][query] GET https://firebase.googleapis.com/v1beta1/projects/vietnam-food-5cef0 [none]
[debug] [2025-10-23T17:56:44.657Z] <<< [apiv2][status] GET https://firebase.googleapis.com/v1beta1/projects/vietnam-food-5cef0 200
[debug] [2025-10-23T17:56:44.657Z] <<< [apiv2][body] GET https://firebase.googleapis.com/v1beta1/projects/vietnam-food-5cef0 {"projectId":"vietnam-food-5cef0","projectNumber":"661323748507","displayName":"vietnam-food","name":"projects/vietnam-food-5cef0","resources":{"hostingSite":"vietnam-food-5cef0"},"state":"ACTIVE","etag":"1_d525726e-d6b5-4399-b2d3-03a39d04493f"}
[info] 
[info] Your public directory is the folder (relative to your project directory) that
[info] will contain Hosting assets to be uploaded with firebase deploy. If you
[info] have a build process for your assets, use your build's output directory.
[info] 
[debug] [2025-10-23T17:56:55.661Z] >>> [apiv2][query] GET https://www.gstatic.com/firebasejs/releases.json [none]
[debug] [2025-10-23T17:56:55.764Z] <<< [apiv2][status] GET https://www.gstatic.com/firebasejs/releases.json 200
[debug] [2025-10-23T17:56:55.764Z] <<< [apiv2][body] GET https://www.gstatic.com/firebasejs/releases.json {"current":{"version":"12.4.0","browserURL":"https://www.gstatic.com/firebasejs/12.4.0/firebase.js","packageURL":"https://www.gstatic.com/firebasejs/12.4.0/firebase.tgz"},"live":{"version":"12.4","browserURL":"https://www.gstatic.com/firebasejs/live/12.4/firebase.js","packageURL":"https://www.gstatic.com/firebasejs/live/12.4/firebase.tgz"},"components":{"ai":"https://www.gstatic.com/firebasejs/12.4.0/firebase-ai.js","analytics":"https://www.gstatic.com/firebasejs/12.4.0/firebase-analytics.js","app":"https://www.gstatic.com/firebasejs/12.4.0/firebase-app.js","app-check":"https://www.gstatic.com/firebasejs/12.4.0/firebase-app-check.js","auth":"https://www.gstatic.com/firebasejs/12.4.0/firebase-auth.js","auth/cordova":"https://www.gstatic.com/firebasejs/12.4.0/firebase-auth/cordova.js","auth/web-extension":"https://www.gstatic.com/firebasejs/12.4.0/firebase-auth/web-extension.js","functions":"https://www.gstatic.com/firebasejs/12.4.0/firebase-functions.js","firestore":"https://www.gstatic.com/firebasejs/12.4.0/firebase-firestore.js","firestore/lite":"https://www.gstatic.com/firebasejs/12.4.0/firebase-firestore/lite.js","installations":"https://www.gstatic.com/firebasejs/12.4.0/firebase-installations.js","storage":"https://www.gstatic.com/firebasejs/12.4.0/firebase-storage.js","performance":"https://www.gstatic.com/firebasejs/12.4.0/firebase-performance.js","remote-config":"https://www.gstatic.com/firebasejs/12.4.0/firebase-remote-config.js","messaging":"https://www.gstatic.com/firebasejs/12.4.0/firebase-messaging.js","messaging/sw":"https://www.gstatic.com/firebasejs/12.4.0/firebase-messaging/sw.js","database":"https://www.gstatic.com/firebasejs/12.4.0/firebase-database.js","data-connect":"https://www.gstatic.com/firebasejs/12.4.0/firebase-data-connect.js","firestore.memory":"https://www.gstatic.com/firebasejs/12.4.0/firebase-firestore.memory.js"}}
[info] i  public/index.html is unchanged 
[info] 
[info] i  Detected a .git folder at C:\Users\kosuk\アプリ開発\01\25-11-01vietnam-food-hp 
[info] i  Authorizing with GitHub to upload your service account to a GitHub repository's secrets store. 
[info] 
[info] Visit this URL on this device to log in:
[info] https://github.com/login/oauth/authorize?client_id=89cf50f02ac6aaed3484&state=567643022&redirect_uri=http%3A%2F%2Flocalhost%3A9005&scope=read%3Auser%20repo%20public_repo
[info] 
[info] Waiting for authentication...
[debug] [2025-10-23T17:56:56.310Z] >>> [apiv2][query] POST https://github.com/login/oauth/access_token [none]
[debug] [2025-10-23T17:56:56.310Z] >>> [apiv2][body] POST https://github.com/login/oauth/access_token [stream]
[debug] [2025-10-23T17:56:56.588Z] <<< [apiv2][status] POST https://github.com/login/oauth/access_token 200
[debug] [2025-10-23T17:56:56.588Z] <<< [apiv2][body] POST https://github.com/login/oauth/access_token {"access_token":"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","token_type":"bearer","scope":"read:user,repo"}
[debug] [2025-10-23T17:56:56.599Z] >>> [apiv2][query] GET https://api.github.com/user [none]
[debug] [2025-10-23T17:56:57.025Z] <<< [apiv2][status] GET https://api.github.com/user 200
[debug] [2025-10-23T17:56:57.025Z] <<< [apiv2][body] GET https://api.github.com/user {"login":"sukeko1113","id":186604463,"node_id":"U_kgDOCx9brw","avatar_url":"https://avatars.githubusercontent.com/u/186604463?v=4","gravatar_id":"","url":"https://api.github.com/users/sukeko1113","html_url":"https://github.com/sukeko1113","followers_url":"https://api.github.com/users/sukeko1113/followers","following_url":"https://api.github.com/users/sukeko1113/following{/other_user}","gists_url":"https://api.github.com/users/sukeko1113/gists{/gist_id}","starred_url":"https://api.github.com/users/sukeko1113/starred{/owner}{/repo}","subscriptions_url":"https://api.github.com/users/sukeko1113/subscriptions","organizations_url":"https://api.github.com/users/sukeko1113/orgs","repos_url":"https://api.github.com/users/sukeko1113/repos","events_url":"https://api.github.com/users/sukeko1113/events{/privacy}","received_events_url":"https://api.github.com/users/sukeko1113/received_events","type":"User","user_view_type":"private","site_admin":false,"name":null,"company":null,"blog":"","location":null,"email":null,"hireable":null,"bio":null,"twitter_username":null,"notification_email":null,"public_repos":1,"public_gists":0,"followers":0,"following":0,"created_at":"2024-10-28T15:14:23Z","updated_at":"2025-09-23T18:44:31Z","private_gists":0,"total_private_repos":11,"owned_private_repos":11,"disk_usage":6203,"collaborators":0,"two_factor_authentication":true,"plan":{"name":"free","space":976562499,"collaborators":0,"private_repos":10000}}
[info] 
[info] +  Success! Logged into GitHub as sukeko1113 
[info] 
[debug] [2025-10-23T17:59:43.435Z] ExitPromptError: User force closed the prompt with SIGINT
    at Interface.sigint (C:\Users\kosuk\AppData\Roaming\npm\node_modules\firebase-tools\node_modules\@inquirer\core\dist\commonjs\lib\create-prompt.js:101:37)
    at Interface.emit (node:events:518:28)
    at Interface.emit (node:domain:489:12)
    at [_ttyWrite] [as _ttyWrite] (node:internal/readline/interface:1128:18)
    at ReadStream.onkeypress (node:internal/readline/interface:267:20)
    at ReadStream.emit (node:events:530:35)
    at ReadStream.emit (node:domain:489:12)
    at emitKeys (node:internal/readline/utils:370:14)
    at emitKeys.next (<anonymous>)
    at ReadStream.onData (node:internal/readline/emitKeypressEvents:64:36)
[error] 
[error] Error: An unexpected error has occurred.
